\BOOKMARK [1][-]{section.1}{Implementation}{}% 1
\BOOKMARK [2][-]{subsection.1.1}{Theory}{section.1}% 2
\BOOKMARK [3][-]{subsubsection.1.1.1}{General Formulation}{subsection.1.1}% 3
\BOOKMARK [3][-]{subsubsection.1.1.2}{Multiresolution endpoint-interpolation B-splines}{subsection.1.1}% 4
\BOOKMARK [3][-]{subsubsection.1.1.3}{Linear-time filter-bank algorithm}{subsection.1.1}% 5
\BOOKMARK [3][-]{subsubsection.1.1.4}{Smoothing}{subsection.1.1}% 6
\BOOKMARK [3][-]{subsubsection.1.1.5}{Editing}{subsection.1.1}% 7
\BOOKMARK [3][-]{subsubsection.1.1.6}{Extensions}{subsection.1.1}% 8
\BOOKMARK [2][-]{subsection.1.2}{Coded Implementation}{section.1}% 9
\BOOKMARK [3][-]{subsubsection.1.2.1}{User Interface}{subsection.1.2}% 10
\BOOKMARK [3][-]{subsubsection.1.2.2}{Cubic B-spline curves}{subsection.1.2}% 11
\BOOKMARK [3][-]{subsubsection.1.2.3}{Curve Drawing}{subsection.1.2}% 12
\BOOKMARK [3][-]{subsubsection.1.2.4}{Point Control}{subsection.1.2}% 13
\BOOKMARK [3][-]{subsubsection.1.2.5}{Multiresolution Analysis}{subsection.1.2}% 14
\BOOKMARK [3][-]{subsubsection.1.2.6}{Colour/Width}{subsection.1.2}% 15
\BOOKMARK [3][-]{subsubsection.1.2.7}{Application}{subsection.1.2}% 16
\BOOKMARK [2][-]{subsection.1.3}{Code Map}{section.1}% 17
\BOOKMARK [1][-]{section.2}{Objectives}{}% 18
\BOOKMARK [1][-]{section.3}{Manual}{}% 19
\BOOKMARK [1][-]{section.4}{Checksum}{}% 20
